2022-03-06 22:07:36,340 Asking API on : http://127.0.0.1:443/data/fetchfilter/utilisateur BODY : {'username': 'admin', 'password': 'L0calAdmin', 'content': {'email': 'admin@ac-poitiers.fr', 'admin': '1'}}
2022-03-06 22:07:36,357 Asking API on : http://127.0.0.1:443/data/updatefilter/serie BODY : {'username': 'admin', 'password': 'L0calAdmin', 'content': {'filter': {'id_serie': '213'}, 'data': {'id_serie': '213', 'nom': 'Technologique', 'specialite1': 'STI2D', 'specialite2': None}}}
2022-03-06 22:08:11,437 Erreur : Traceback (most recent call last):
  File "C:\Users\louid\AppData\Local\Programs\Python\Python39\lib\site-packages\urllib3\connectionpool.py", line 600, in urlopen
    httplib_response = self._make_request(conn, method, url,
  File "C:\Users\louid\AppData\Local\Programs\Python\Python39\lib\site-packages\urllib3\connectionpool.py", line 387, in _make_request
    six.raise_from(e, None)
  File "<string>", line 2, in raise_from
  File "C:\Users\louid\AppData\Local\Programs\Python\Python39\lib\site-packages\urllib3\connectionpool.py", line 383, in _make_request
    httplib_response = conn.getresponse()
  File "C:\Users\louid\AppData\Local\Programs\Python\Python39\lib\http\client.py", line 1345, in getresponse
    response.begin()
  File "C:\Users\louid\AppData\Local\Programs\Python\Python39\lib\http\client.py", line 307, in begin
    version, status, reason = self._read_status()
  File "C:\Users\louid\AppData\Local\Programs\Python\Python39\lib\http\client.py", line 276, in _read_status
    raise RemoteDisconnected("Remote end closed connection without"
http.client.RemoteDisconnected: Remote end closed connection without response

During handling of the above exception, another exception occurred:

Traceback (most recent call last):
  File "C:\Users\louid\AppData\Local\Programs\Python\Python39\lib\site-packages\requests\adapters.py", line 439, in send
    resp = conn.urlopen(
  File "C:\Users\louid\AppData\Local\Programs\Python\Python39\lib\site-packages\urllib3\connectionpool.py", line 640, in urlopen
    retries = retries.increment(method, url, error=e, _pool=self,
  File "C:\Users\louid\AppData\Local\Programs\Python\Python39\lib\site-packages\urllib3\util\retry.py", line 368, in increment
    raise six.reraise(type(error), error, _stacktrace)
  File "C:\Users\louid\AppData\Local\Programs\Python\Python39\lib\site-packages\urllib3\packages\six.py", line 685, in reraise
    raise value.with_traceback(tb)
  File "C:\Users\louid\AppData\Local\Programs\Python\Python39\lib\site-packages\urllib3\connectionpool.py", line 600, in urlopen
    httplib_response = self._make_request(conn, method, url,
  File "C:\Users\louid\AppData\Local\Programs\Python\Python39\lib\site-packages\urllib3\connectionpool.py", line 387, in _make_request
    six.raise_from(e, None)
  File "<string>", line 2, in raise_from
  File "C:\Users\louid\AppData\Local\Programs\Python\Python39\lib\site-packages\urllib3\connectionpool.py", line 383, in _make_request
    httplib_response = conn.getresponse()
  File "C:\Users\louid\AppData\Local\Programs\Python\Python39\lib\http\client.py", line 1345, in getresponse
    response.begin()
  File "C:\Users\louid\AppData\Local\Programs\Python\Python39\lib\http\client.py", line 307, in begin
    version, status, reason = self._read_status()
  File "C:\Users\louid\AppData\Local\Programs\Python\Python39\lib\http\client.py", line 276, in _read_status
    raise RemoteDisconnected("Remote end closed connection without"
urllib3.exceptions.ProtocolError: ('Connection aborted.', RemoteDisconnected('Remote end closed connection without response'))

During handling of the above exception, another exception occurred:

Traceback (most recent call last):
  File "C:\Users\louid\OneDrive\Documents\EspaceDeTravail\S2\PTS\pts2021_sujet14\stack\website\secondtour_website\website\function\main_database.py", line 144, in update_serie
    response = ask_api("data/updatefilter/serie", serie)
  File "C:\Users\louid\OneDrive\Documents\EspaceDeTravail\S2\PTS\pts2021_sujet14\stack\website\secondtour_website\website\database\main_database.py", line 25, in ask_api
    return func(url, json=basic_auth(content))
  File "C:\Users\louid\AppData\Local\Programs\Python\Python39\lib\site-packages\requests\api.py", line 146, in patch
    return request('patch', url, data=data, **kwargs)
  File "C:\Users\louid\AppData\Local\Programs\Python\Python39\lib\site-packages\requests\api.py", line 60, in request
    return session.request(method=method, url=url, **kwargs)
  File "C:\Users\louid\AppData\Local\Programs\Python\Python39\lib\site-packages\requests\sessions.py", line 533, in request
    resp = self.send(prep, **send_kwargs)
  File "C:\Users\louid\AppData\Local\Programs\Python\Python39\lib\site-packages\requests\sessions.py", line 646, in send
    r = adapter.send(request, **kwargs)
  File "C:\Users\louid\AppData\Local\Programs\Python\Python39\lib\site-packages\requests\adapters.py", line 498, in send
    raise ConnectionError(err, request=request)
requests.exceptions.ConnectionError: ('Connection aborted.', RemoteDisconnected('Remote end closed connection without response'))

2022-03-06 22:08:11,440 Erreur : Traceback (most recent call last):
  File "C:\Users\louid\AppData\Local\Programs\Python\Python39\lib\site-packages\urllib3\connectionpool.py", line 600, in urlopen
    httplib_response = self._make_request(conn, method, url,
  File "C:\Users\louid\AppData\Local\Programs\Python\Python39\lib\site-packages\urllib3\connectionpool.py", line 387, in _make_request
    six.raise_from(e, None)
  File "<string>", line 2, in raise_from
  File "C:\Users\louid\AppData\Local\Programs\Python\Python39\lib\site-packages\urllib3\connectionpool.py", line 383, in _make_request
    httplib_response = conn.getresponse()
  File "C:\Users\louid\AppData\Local\Programs\Python\Python39\lib\http\client.py", line 1345, in getresponse
    response.begin()
  File "C:\Users\louid\AppData\Local\Programs\Python\Python39\lib\http\client.py", line 307, in begin
    version, status, reason = self._read_status()
  File "C:\Users\louid\AppData\Local\Programs\Python\Python39\lib\http\client.py", line 276, in _read_status
    raise RemoteDisconnected("Remote end closed connection without"
http.client.RemoteDisconnected: Remote end closed connection without response

During handling of the above exception, another exception occurred:

Traceback (most recent call last):
  File "C:\Users\louid\AppData\Local\Programs\Python\Python39\lib\site-packages\requests\adapters.py", line 439, in send
    resp = conn.urlopen(
  File "C:\Users\louid\AppData\Local\Programs\Python\Python39\lib\site-packages\urllib3\connectionpool.py", line 640, in urlopen
    retries = retries.increment(method, url, error=e, _pool=self,
  File "C:\Users\louid\AppData\Local\Programs\Python\Python39\lib\site-packages\urllib3\util\retry.py", line 368, in increment
    raise six.reraise(type(error), error, _stacktrace)
  File "C:\Users\louid\AppData\Local\Programs\Python\Python39\lib\site-packages\urllib3\packages\six.py", line 685, in reraise
    raise value.with_traceback(tb)
  File "C:\Users\louid\AppData\Local\Programs\Python\Python39\lib\site-packages\urllib3\connectionpool.py", line 600, in urlopen
    httplib_response = self._make_request(conn, method, url,
  File "C:\Users\louid\AppData\Local\Programs\Python\Python39\lib\site-packages\urllib3\connectionpool.py", line 387, in _make_request
    six.raise_from(e, None)
  File "<string>", line 2, in raise_from
  File "C:\Users\louid\AppData\Local\Programs\Python\Python39\lib\site-packages\urllib3\connectionpool.py", line 383, in _make_request
    httplib_response = conn.getresponse()
  File "C:\Users\louid\AppData\Local\Programs\Python\Python39\lib\http\client.py", line 1345, in getresponse
    response.begin()
  File "C:\Users\louid\AppData\Local\Programs\Python\Python39\lib\http\client.py", line 307, in begin
    version, status, reason = self._read_status()
  File "C:\Users\louid\AppData\Local\Programs\Python\Python39\lib\http\client.py", line 276, in _read_status
    raise RemoteDisconnected("Remote end closed connection without"
urllib3.exceptions.ProtocolError: ('Connection aborted.', RemoteDisconnected('Remote end closed connection without response'))

During handling of the above exception, another exception occurred:

Traceback (most recent call last):
  File "C:\Users\louid\OneDrive\Documents\EspaceDeTravail\S2\PTS\pts2021_sujet14\stack\website\secondtour_website\website\function\main_database.py", line 144, in update_serie
    response = ask_api("data/updatefilter/serie", serie)
  File "C:\Users\louid\OneDrive\Documents\EspaceDeTravail\S2\PTS\pts2021_sujet14\stack\website\secondtour_website\website\database\main_database.py", line 25, in ask_api
    return func(url, json=basic_auth(content))
  File "C:\Users\louid\AppData\Local\Programs\Python\Python39\lib\site-packages\requests\api.py", line 146, in patch
    return request('patch', url, data=data, **kwargs)
  File "C:\Users\louid\AppData\Local\Programs\Python\Python39\lib\site-packages\requests\api.py", line 60, in request
    return session.request(method=method, url=url, **kwargs)
  File "C:\Users\louid\AppData\Local\Programs\Python\Python39\lib\site-packages\requests\sessions.py", line 533, in request
    resp = self.send(prep, **send_kwargs)
  File "C:\Users\louid\AppData\Local\Programs\Python\Python39\lib\site-packages\requests\sessions.py", line 646, in send
    r = adapter.send(request, **kwargs)
  File "C:\Users\louid\AppData\Local\Programs\Python\Python39\lib\site-packages\requests\adapters.py", line 498, in send
    raise ConnectionError(err, request=request)
requests.exceptions.ConnectionError: ('Connection aborted.', RemoteDisconnected('Remote end closed connection without response'))

2022-03-06 22:08:11,440 Asking API on : http://127.0.0.1:443/data/fetchmulti BODY : {'username': 'admin', 'password': 'L0calAdmin', 'content': ['candidat', 'serie', 'matiere', 'salle', 'choix_matiere']}
2022-03-06 22:08:11,462 127.0.0.1 - - [06/Mar/2022 22:08:11] "POST /admin/series HTTP/1.1" 200 -
2022-03-06 22:08:18,323  * Detected change in 'C:\\Users\\louid\\OneDrive\\Documents\\EspaceDeTravail\\S2\\PTS\\pts2021_sujet14\\stack\\website\\secondtour_website\\website\\routes\\admin_routes.py', reloading
2022-03-06 22:08:18,621  * Restarting with stat
2022-03-06 22:09:24,366 Asking API on : http://127.0.0.1:443/version
2022-03-06 22:09:24,458 Run the server
2022-03-06 22:09:24,489  * Restarting with stat
2022-03-06 22:09:26,355 Asking API on : http://127.0.0.1:443/version
2022-03-06 22:09:26,366 Run the server
2022-03-06 22:09:26,381  * Debugger is active!
2022-03-06 22:09:26,390  * Debugger PIN: 298-853-937
2022-03-06 22:09:27,632  * Running on all addresses.
   WARNING: This is a development server. Do not use it in a production deployment.
2022-03-06 22:09:27,632  * Running on http://192.168.1.200:5000/ (Press CTRL+C to quit)
2022-03-06 22:09:28,499 Asking API on : http://127.0.0.1:443/data/fetchfilter/utilisateur BODY : {'username': 'admin', 'password': 'L0calAdmin', 'content': {'email': 'admin@ac-poitiers.fr', 'admin': '1'}}
2022-03-06 22:09:28,725 Asking API on : http://127.0.0.1:443/data/fetchmulti BODY : {'username': 'admin', 'password': 'L0calAdmin', 'content': ['candidat', 'serie', 'matiere', 'salle', 'choix_matiere']}
2022-03-06 22:09:28,825 127.0.0.1 - - [06/Mar/2022 22:09:28] "GET /admin/series HTTP/1.1" 200 -
2022-03-06 22:09:30,302 127.0.0.1 - - [06/Mar/2022 22:09:30] "[36mGET /static/main.css HTTP/1.1[0m" 304 -
2022-03-06 22:09:30,303 127.0.0.1 - - [06/Mar/2022 22:09:30] "[36mGET /static/admin.css HTTP/1.1[0m" 304 -
2022-03-06 22:09:30,337 127.0.0.1 - - [06/Mar/2022 22:09:30] "GET /static/main.css.map HTTP/1.1" 200 -
2022-03-06 22:09:30,339 127.0.0.1 - - [06/Mar/2022 22:09:30] "GET /static/admin.css.map HTTP/1.1" 200 -
2022-03-06 22:09:30,811 127.0.0.1 - - [06/Mar/2022 22:09:30] "[36mGET /static/img/logo_square.ico HTTP/1.1[0m" 304 -
2022-03-06 22:09:31,087 127.0.0.1 - - [06/Mar/2022 22:09:31] "[36mGET /static/img/logo_square.ico HTTP/1.1[0m" 304 -
2022-03-06 22:09:37,827 Asking API on : http://127.0.0.1:443/data/fetchfilter/utilisateur BODY : {'username': 'admin', 'password': 'L0calAdmin', 'content': {'email': 'admin@ac-poitiers.fr', 'admin': '1'}}
2022-03-06 22:09:37,841 Asking API on : http://127.0.0.1:443/data/updatefilter/serie BODY : {'username': 'admin', 'password': 'L0calAdmin', 'content': {'filter': {'id_serie': '213'}, 'data': {'id_serie': '213', 'nom': 'Technologique', 'specialite1': 'STI2D', 'specialite2': 'null'}}}
2022-03-06 22:09:37,855 Asking API on : http://127.0.0.1:443/data/fetchmulti BODY : {'username': 'admin', 'password': 'L0calAdmin', 'content': ['candidat', 'serie', 'matiere', 'salle', 'choix_matiere']}
2022-03-06 22:09:37,872 127.0.0.1 - - [06/Mar/2022 22:09:37] "POST /admin/series HTTP/1.1" 200 -
2022-03-06 22:09:38,640 127.0.0.1 - - [06/Mar/2022 22:09:38] "[36mGET /static/main.css HTTP/1.1[0m" 304 -
2022-03-06 22:09:38,640 127.0.0.1 - - [06/Mar/2022 22:09:38] "[36mGET /static/admin.css HTTP/1.1[0m" 304 -
2022-03-06 22:09:38,782 127.0.0.1 - - [06/Mar/2022 22:09:38] "GET /static/admin.css.map HTTP/1.1" 200 -
2022-03-06 22:09:38,784 127.0.0.1 - - [06/Mar/2022 22:09:38] "GET /static/main.css.map HTTP/1.1" 200 -
2022-03-06 22:09:39,079 127.0.0.1 - - [06/Mar/2022 22:09:39] "[36mGET /static/img/logo_square.ico HTTP/1.1[0m" 304 -
2022-03-06 22:09:39,234 127.0.0.1 - - [06/Mar/2022 22:09:39] "[36mGET /static/img/logo_square.ico HTTP/1.1[0m" 304 -
2022-03-06 22:09:50,138 Asking API on : http://127.0.0.1:443/data/fetchfilter/utilisateur BODY : {'username': 'admin', 'password': 'L0calAdmin', 'content': {'email': 'admin@ac-poitiers.fr', 'admin': '1'}}
2022-03-06 22:09:50,152 Asking API on : http://127.0.0.1:443/data/fetchmulti BODY : {'username': 'admin', 'password': 'L0calAdmin', 'content': ['candidat', 'serie', 'matiere', 'salle', 'choix_matiere']}
2022-03-06 22:09:50,230 127.0.0.1 - - [06/Mar/2022 22:09:50] "GET /admin/matieres HTTP/1.1" 200 -
2022-03-06 22:09:51,060 127.0.0.1 - - [06/Mar/2022 22:09:51] "[36mGET /static/main.css HTTP/1.1[0m" 304 -
2022-03-06 22:09:51,063 127.0.0.1 - - [06/Mar/2022 22:09:51] "[36mGET /static/admin.css HTTP/1.1[0m" 304 -
2022-03-06 22:09:51,197 127.0.0.1 - - [06/Mar/2022 22:09:51] "GET /static/main.css.map HTTP/1.1" 200 -
2022-03-06 22:09:51,200 127.0.0.1 - - [06/Mar/2022 22:09:51] "GET /static/admin.css.map HTTP/1.1" 200 -
2022-03-06 22:09:51,523 127.0.0.1 - - [06/Mar/2022 22:09:51] "[36mGET /static/img/logo_square.ico HTTP/1.1[0m" 304 -
2022-03-06 22:09:51,667 Asking API on : http://127.0.0.1:443/data/fetchfilter/utilisateur BODY : {'username': 'admin', 'password': 'L0calAdmin', 'content': {'email': 'admin@ac-poitiers.fr', 'admin': '1'}}
2022-03-06 22:09:51,684 Asking API on : http://127.0.0.1:443/data/fetchmulti BODY : {'username': 'admin', 'password': 'L0calAdmin', 'content': ['candidat', 'serie', 'matiere', 'salle', 'choix_matiere']}
2022-03-06 22:09:51,729 127.0.0.1 - - [06/Mar/2022 22:09:51] "GET /admin/series HTTP/1.1" 200 -
2022-03-06 22:09:52,511 127.0.0.1 - - [06/Mar/2022 22:09:52] "[36mGET /static/main.css HTTP/1.1[0m" 304 -
2022-03-06 22:09:52,513 127.0.0.1 - - [06/Mar/2022 22:09:52] "[36mGET /static/admin.css HTTP/1.1[0m" 304 -
2022-03-06 22:09:52,759 127.0.0.1 - - [06/Mar/2022 22:09:52] "GET /static/main.css.map HTTP/1.1" 200 -
2022-03-06 22:09:52,762 127.0.0.1 - - [06/Mar/2022 22:09:52] "GET /static/admin.css.map HTTP/1.1" 200 -
2022-03-06 22:09:52,984 127.0.0.1 - - [06/Mar/2022 22:09:52] "[36mGET /static/img/logo_square.ico HTTP/1.1[0m" 304 -
2022-03-06 22:09:53,438 127.0.0.1 - - [06/Mar/2022 22:09:53] "[36mGET /static/img/logo_square.ico HTTP/1.1[0m" 304 -
2022-03-06 22:09:54,491 Asking API on : http://127.0.0.1:443/data/fetchfilter/utilisateur BODY : {'username': 'admin', 'password': 'L0calAdmin', 'content': {'email': 'admin@ac-poitiers.fr', 'admin': '1'}}
2022-03-06 22:09:54,508 Asking API on : http://127.0.0.1:443/data/fetchfilter/candidat BODY : {'username': 'admin', 'password': 'L0calAdmin', 'content': {'id_serie': '213'}}
2022-03-06 22:09:54,533 Asking API on : http://127.0.0.1:443/data/deletefilter/candidat BODY : {'username': 'admin', 'password': 'L0calAdmin', 'content': {'id_serie': '213'}}
2022-03-06 22:09:54,555 Asking API on : http://127.0.0.1:443/data/deletefilter/matiere BODY : {'username': 'admin', 'password': 'L0calAdmin', 'content': {'id_serie': '213'}}
2022-03-06 22:09:54,576 Asking API on : http://127.0.0.1:443/data/deletefilter/serie BODY : {'username': 'admin', 'password': 'L0calAdmin', 'content': {'id_serie': '213'}}
2022-03-06 22:09:54,630 Asking API on : http://127.0.0.1:443/data/fetchmulti BODY : {'username': 'admin', 'password': 'L0calAdmin', 'content': ['candidat', 'serie', 'matiere', 'salle', 'choix_matiere']}
2022-03-06 22:09:54,697 127.0.0.1 - - [06/Mar/2022 22:09:54] "POST /admin/series HTTP/1.1" 200 -
2022-03-06 22:09:55,610 127.0.0.1 - - [06/Mar/2022 22:09:55] "[36mGET /static/main.css HTTP/1.1[0m" 304 -
2022-03-06 22:09:55,611 127.0.0.1 - - [06/Mar/2022 22:09:55] "[36mGET /static/admin.css HTTP/1.1[0m" 304 -
2022-03-06 22:09:55,720 127.0.0.1 - - [06/Mar/2022 22:09:55] "GET /static/admin.css.map HTTP/1.1" 200 -
2022-03-06 22:09:55,725 127.0.0.1 - - [06/Mar/2022 22:09:55] "GET /static/main.css.map HTTP/1.1" 200 -
2022-03-06 22:09:55,937 127.0.0.1 - - [06/Mar/2022 22:09:55] "[36mGET /static/img/logo_square.ico HTTP/1.1[0m" 304 -
2022-03-06 22:09:56,272 127.0.0.1 - - [06/Mar/2022 22:09:56] "[36mGET /static/img/logo_square.ico HTTP/1.1[0m" 304 -
2022-03-06 22:09:59,320 Asking API on : http://127.0.0.1:443/data/fetchfilter/utilisateur BODY : {'username': 'admin', 'password': 'L0calAdmin', 'content': {'email': 'admin@ac-poitiers.fr', 'admin': '1'}}
2022-03-06 22:09:59,331 Asking API on : http://127.0.0.1:443/data/insert/serie BODY : {'username': 'admin', 'password': 'L0calAdmin', 'content': {'id_serie': 'null', 'nom': 'Technologique', 'specialite1': 'STI2D', 'specialite2': 'null'}}
2022-03-06 22:09:59,363 La série a bien été crée
2022-03-06 22:09:59,364 Asking API on : http://127.0.0.1:443/data/fetchfilter/serie BODY : {'username': 'admin', 'password': 'L0calAdmin', 'content': {'id_serie': 214}}
2022-03-06 22:09:59,379 Asking API on : http://127.0.0.1:443/data/insert/matiere BODY : {'username': 'admin', 'password': 'L0calAdmin', 'content': {'id_matiere': 'null', 'id_serie': 214, 'nom': 'Français', 'nom_complet': 'Français - STI2D', 'temps_preparation': 30, 'temps_preparation_tiers_temps': 40, 'temps_passage': 30, 'temps_passage_tiers_temps': 40, 'loge': 'null'}}
2022-03-06 22:09:59,402 La matiere a bien été créée
2022-03-06 22:09:59,402 Asking API on : http://127.0.0.1:443/data/fetchfilter/serie BODY : {'username': 'admin', 'password': 'L0calAdmin', 'content': {'id_serie': 214}}
2022-03-06 22:09:59,419 Asking API on : http://127.0.0.1:443/data/insert/matiere BODY : {'username': 'admin', 'password': 'L0calAdmin', 'content': {'id_matiere': 'null', 'id_serie': 214, 'nom': 'Philosophie', 'nom_complet': 'Philosophie - STI2D', 'temps_preparation': 30, 'temps_preparation_tiers_temps': 40, 'temps_passage': 30, 'temps_passage_tiers_temps': 40, 'loge': 'null'}}
2022-03-06 22:09:59,442 La matiere a bien été créée
2022-03-06 22:09:59,442 Asking API on : http://127.0.0.1:443/data/fetchmulti BODY : {'username': 'admin', 'password': 'L0calAdmin', 'content': ['candidat', 'serie', 'matiere', 'salle', 'choix_matiere']}
2022-03-06 22:09:59,467 127.0.0.1 - - [06/Mar/2022 22:09:59] "POST /admin/series HTTP/1.1" 200 -
2022-03-06 22:10:00,248 127.0.0.1 - - [06/Mar/2022 22:10:00] "[36mGET /static/main.css HTTP/1.1[0m" 304 -
2022-03-06 22:10:00,261 127.0.0.1 - - [06/Mar/2022 22:10:00] "[36mGET /static/admin.css HTTP/1.1[0m" 304 -
2022-03-06 22:10:00,550 127.0.0.1 - - [06/Mar/2022 22:10:00] "GET /static/admin.css.map HTTP/1.1" 200 -
2022-03-06 22:10:00,557 127.0.0.1 - - [06/Mar/2022 22:10:00] "GET /static/main.css.map HTTP/1.1" 200 -
2022-03-06 22:10:00,889 127.0.0.1 - - [06/Mar/2022 22:10:00] "[36mGET /static/img/logo_square.ico HTTP/1.1[0m" 304 -
2022-03-06 22:10:01,022 Asking API on : http://127.0.0.1:443/data/fetchfilter/utilisateur BODY : {'username': 'admin', 'password': 'L0calAdmin', 'content': {'email': 'admin@ac-poitiers.fr', 'admin': '1'}}
2022-03-06 22:10:01,070 Asking API on : http://127.0.0.1:443/data/fetchmulti BODY : {'username': 'admin', 'password': 'L0calAdmin', 'content': ['candidat', 'serie', 'matiere', 'salle', 'choix_matiere']}
2022-03-06 22:10:01,142 127.0.0.1 - - [06/Mar/2022 22:10:01] "GET /admin/matieres HTTP/1.1" 200 -
2022-03-06 22:10:02,039 127.0.0.1 - - [06/Mar/2022 22:10:02] "[36mGET /static/main.css HTTP/1.1[0m" 304 -
2022-03-06 22:10:02,045 127.0.0.1 - - [06/Mar/2022 22:10:02] "[36mGET /static/admin.css HTTP/1.1[0m" 304 -
2022-03-06 22:10:02,228 127.0.0.1 - - [06/Mar/2022 22:10:02] "GET /static/main.css.map HTTP/1.1" 200 -
2022-03-06 22:10:02,231 127.0.0.1 - - [06/Mar/2022 22:10:02] "GET /static/admin.css.map HTTP/1.1" 200 -
2022-03-06 22:10:02,527 127.0.0.1 - - [06/Mar/2022 22:10:02] "[36mGET /static/img/logo_square.ico HTTP/1.1[0m" 304 -
2022-03-06 22:10:02,847 127.0.0.1 - - [06/Mar/2022 22:10:02] "[36mGET /static/img/logo_square.ico HTTP/1.1[0m" 304 -
2022-03-06 22:10:14,911 Asking API on : http://127.0.0.1:443/data/fetchfilter/utilisateur BODY : {'username': 'admin', 'password': 'L0calAdmin', 'content': {'email': 'admin@ac-poitiers.fr', 'admin': '1'}}
2022-03-06 22:10:14,929 Asking API on : http://127.0.0.1:443/data/fetchmulti BODY : {'username': 'admin', 'password': 'L0calAdmin', 'content': ['candidat', 'horaire', 'matiere', 'professeur', 'salle', 'creneau', 'liste_matiere']}
2022-03-06 22:10:15,142 127.0.0.1 - - [06/Mar/2022 22:10:15] "GET /admin/professeurs HTTP/1.1" 200 -
2022-03-06 22:10:16,182 127.0.0.1 - - [06/Mar/2022 22:10:16] "[36mGET /static/main.css HTTP/1.1[0m" 304 -
2022-03-06 22:10:16,200 127.0.0.1 - - [06/Mar/2022 22:10:16] "[36mGET /static/admin.css HTTP/1.1[0m" 304 -
2022-03-06 22:10:16,245 127.0.0.1 - - [06/Mar/2022 22:10:16] "GET /static/main.css.map HTTP/1.1" 200 -
2022-03-06 22:10:16,249 127.0.0.1 - - [06/Mar/2022 22:10:16] "GET /static/admin.css.map HTTP/1.1" 200 -
2022-03-06 22:10:16,696 127.0.0.1 - - [06/Mar/2022 22:10:16] "[36mGET /static/img/logo_square.ico HTTP/1.1[0m" 304 -
2022-03-06 22:10:16,960 127.0.0.1 - - [06/Mar/2022 22:10:16] "[36mGET /static/img/logo_square.ico HTTP/1.1[0m" 304 -
2022-03-06 22:10:20,383 Asking API on : http://127.0.0.1:443/data/fetchfilter/utilisateur BODY : {'username': 'admin', 'password': 'L0calAdmin', 'content': {'email': 'admin@ac-poitiers.fr', 'admin': '1'}}
2022-03-06 22:10:20,402 Asking API on : http://127.0.0.1:443/data/updatefilter/professeur BODY : {'username': 'admin', 'password': 'L0calAdmin', 'content': {'filter': {'id_professeur': '8'}, 'data': {'nom': 'HUORT', 'prenom': 'Louis', 'salle': 'null'}}}
2022-03-06 22:10:20,423 Asking API on : http://127.0.0.1:443/data/deletefilter/liste_matiere BODY : {'username': 'admin', 'password': 'L0calAdmin', 'content': {'id_professeur': '8'}}
2022-03-06 22:10:20,447 Erreur : Traceback (most recent call last):
  File "C:\Users\louid\OneDrive\Documents\EspaceDeTravail\S2\PTS\pts2021_sujet14\stack\website\secondtour_website\website\function\main_database.py", line 662, in update_professeur_wep
    "id_liste_matiere": "null", "id_professeur": professeur["id_professeur"], "id_matiere": matiere}
KeyError: 'id_professeur'

2022-03-06 22:10:20,447 Erreur : Traceback (most recent call last):
  File "C:\Users\louid\OneDrive\Documents\EspaceDeTravail\S2\PTS\pts2021_sujet14\stack\website\secondtour_website\website\function\main_database.py", line 662, in update_professeur_wep
    "id_liste_matiere": "null", "id_professeur": professeur["id_professeur"], "id_matiere": matiere}
KeyError: 'id_professeur'

2022-03-06 22:10:20,447 Asking API on : http://127.0.0.1:443/data/fetchmulti BODY : {'username': 'admin', 'password': 'L0calAdmin', 'content': ['candidat', 'horaire', 'matiere', 'professeur', 'salle', 'creneau', 'liste_matiere']}
2022-03-06 22:10:20,491 127.0.0.1 - - [06/Mar/2022 22:10:20] "POST /admin/professeurs HTTP/1.1" 200 -
2022-03-06 22:10:21,374 127.0.0.1 - - [06/Mar/2022 22:10:21] "[36mGET /static/main.css HTTP/1.1[0m" 304 -
2022-03-06 22:10:21,386 127.0.0.1 - - [06/Mar/2022 22:10:21] "[36mGET /static/admin.css HTTP/1.1[0m" 304 -
2022-03-06 22:10:21,756 127.0.0.1 - - [06/Mar/2022 22:10:21] "GET /static/admin.css.map HTTP/1.1" 200 -
2022-03-06 22:10:21,756 127.0.0.1 - - [06/Mar/2022 22:10:21] "GET /static/main.css.map HTTP/1.1" 200 -
2022-03-06 22:10:22,117 127.0.0.1 - - [06/Mar/2022 22:10:22] "[36mGET /static/img/logo_square.ico HTTP/1.1[0m" 304 -
2022-03-06 22:10:22,280 127.0.0.1 - - [06/Mar/2022 22:10:22] "[36mGET /static/img/logo_square.ico HTTP/1.1[0m" 304 -
2022-03-06 22:11:18,113  * Detected change in 'C:\\Users\\louid\\OneDrive\\Documents\\EspaceDeTravail\\S2\\PTS\\pts2021_sujet14\\stack\\website\\secondtour_website\\website\\function\\main_database.py', reloading
2022-03-06 22:11:18,430  * Restarting with stat
2022-03-06 22:11:25,921 Asking API on : http://127.0.0.1:443/version
2022-03-06 22:11:25,938 Run the server
2022-03-06 22:11:25,970  * Restarting with stat
2022-03-06 22:11:29,325 Asking API on : http://127.0.0.1:443/version
2022-03-06 22:11:29,341 Run the server
2022-03-06 22:11:29,367  * Debugger is active!
2022-03-06 22:11:29,385  * Debugger PIN: 298-853-937
2022-03-06 22:11:30,848  * Running on all addresses.
   WARNING: This is a development server. Do not use it in a production deployment.
2022-03-06 22:11:30,848  * Running on http://192.168.1.200:5000/ (Press CTRL+C to quit)
2022-03-06 22:11:33,417 Asking API on : http://127.0.0.1:443/data/fetchfilter/utilisateur BODY : {'username': 'admin', 'password': 'L0calAdmin', 'content': {'email': 'admin@ac-poitiers.fr', 'admin': '1'}}
2022-03-06 22:11:33,432 Asking API on : http://127.0.0.1:443/data/updatefilter/professeur BODY : {'username': 'admin', 'password': 'L0calAdmin', 'content': {'filter': {'id_professeur': '8'}, 'data': {'nom': 'HUORT', 'prenom': 'Louis', 'salle': 'null'}}}
2022-03-06 22:11:33,446 Asking API on : http://127.0.0.1:443/data/deletefilter/liste_matiere BODY : {'username': 'admin', 'password': 'L0calAdmin', 'content': {'id_professeur': '8'}}
2022-03-06 22:11:33,467 Asking API on : http://127.0.0.1:443/data/updatefilter/horaire BODY : {'username': 'admin', 'password': 'L0calAdmin', 'content': {'filter': {'id_professeur': '8'}, 'data': {'horaire_arr1': 'Mon Jan 01 08:00:00 1900', 'horaire_dep1': 'Mon Jan 01 20:00:00 1900', 'horaire_arr2': 'Tue Jan 02 08:00:00 1900', 'horaire_dep2': 'Tue Jan 02 20:00:00 1900', 'horaire_arr3': 'Wed Jan 03 08:00:00 1900', 'horaire_dep3': 'Wed Jan 03 20:00:00 1900'}}}
2022-03-06 22:11:33,485 Le professeur a bien été modifié
2022-03-06 22:11:33,485 Asking API on : http://127.0.0.1:443/data/fetchmulti BODY : {'username': 'admin', 'password': 'L0calAdmin', 'content': ['candidat', 'horaire', 'matiere', 'professeur', 'salle', 'creneau', 'liste_matiere']}
2022-03-06 22:11:33,661 127.0.0.1 - - [06/Mar/2022 22:11:33] "POST /admin/professeurs HTTP/1.1" 200 -
2022-03-06 22:11:35,540 127.0.0.1 - - [06/Mar/2022 22:11:35] "[36mGET /static/admin.css HTTP/1.1[0m" 304 -
2022-03-06 22:11:35,542 127.0.0.1 - - [06/Mar/2022 22:11:35] "[36mGET /static/main.css HTTP/1.1[0m" 304 -
2022-03-06 22:11:35,666 127.0.0.1 - - [06/Mar/2022 22:11:35] "GET /static/main.css.map HTTP/1.1" 200 -
2022-03-06 22:11:35,668 127.0.0.1 - - [06/Mar/2022 22:11:35] "GET /static/admin.css.map HTTP/1.1" 200 -
2022-03-06 22:11:36,001 127.0.0.1 - - [06/Mar/2022 22:11:36] "[36mGET /static/img/logo_square.ico HTTP/1.1[0m" 304 -
2022-03-06 22:11:36,567 127.0.0.1 - - [06/Mar/2022 22:11:36] "[36mGET /static/img/logo_square.ico HTTP/1.1[0m" 304 -
2022-03-06 22:11:40,009 Asking API on : http://127.0.0.1:443/data/fetchfilter/utilisateur BODY : {'username': 'admin', 'password': 'L0calAdmin', 'content': {'email': 'admin@ac-poitiers.fr', 'admin': '1'}}
2022-03-06 22:11:40,025 Asking API on : http://127.0.0.1:443/data/updatefilter/professeur BODY : {'username': 'admin', 'password': 'L0calAdmin', 'content': {'filter': {'id_professeur': '8'}, 'data': {'nom': 'HUORT', 'prenom': 'Louis', 'salle': 'null'}}}
2022-03-06 22:11:40,042 Asking API on : http://127.0.0.1:443/data/deletefilter/liste_matiere BODY : {'username': 'admin', 'password': 'L0calAdmin', 'content': {'id_professeur': '8'}}
2022-03-06 22:11:40,063 Asking API on : http://127.0.0.1:443/data/updatefilter/horaire BODY : {'username': 'admin', 'password': 'L0calAdmin', 'content': {'filter': {'id_professeur': '8'}, 'data': {'horaire_arr1': 'Mon Jan 01 08:00:00 1900', 'horaire_dep1': 'Mon Jan 01 20:00:00 1900', 'horaire_arr2': 'Tue Jan 02 08:00:00 1900', 'horaire_dep2': 'Tue Jan 02 20:00:00 1900', 'horaire_arr3': 'Wed Jan 03 08:00:00 1900', 'horaire_dep3': 'Wed Jan 03 20:00:00 1900'}}}
2022-03-06 22:11:40,082 Le professeur a bien été modifié
2022-03-06 22:11:40,083 Asking API on : http://127.0.0.1:443/data/fetchmulti BODY : {'username': 'admin', 'password': 'L0calAdmin', 'content': ['candidat', 'horaire', 'matiere', 'professeur', 'salle', 'creneau', 'liste_matiere']}
2022-03-06 22:11:40,127 127.0.0.1 - - [06/Mar/2022 22:11:40] "POST /admin/professeurs HTTP/1.1" 200 -
2022-03-06 22:11:41,156 127.0.0.1 - - [06/Mar/2022 22:11:41] "[36mGET /static/main.css HTTP/1.1[0m" 304 -
2022-03-06 22:11:41,165 127.0.0.1 - - [06/Mar/2022 22:11:41] "[36mGET /static/admin.css HTTP/1.1[0m" 304 -
2022-03-06 22:11:41,509 127.0.0.1 - - [06/Mar/2022 22:11:41] "GET /static/main.css.map HTTP/1.1" 200 -
2022-03-06 22:11:41,511 127.0.0.1 - - [06/Mar/2022 22:11:41] "GET /static/admin.css.map HTTP/1.1" 200 -
2022-03-06 22:11:41,881 127.0.0.1 - - [06/Mar/2022 22:11:41] "[36mGET /static/img/logo_square.ico HTTP/1.1[0m" 304 -
2022-03-06 22:11:42,225 127.0.0.1 - - [06/Mar/2022 22:11:42] "[36mGET /static/img/logo_square.ico HTTP/1.1[0m" 304 -
2022-03-06 22:11:45,291 Asking API on : http://127.0.0.1:443/data/fetchfilter/utilisateur BODY : {'username': 'admin', 'password': 'L0calAdmin', 'content': {'email': 'admin@ac-poitiers.fr', 'admin': '1'}}
2022-03-06 22:11:45,310 Asking API on : http://127.0.0.1:443/data/updatefilter/professeur BODY : {'username': 'admin', 'password': 'L0calAdmin', 'content': {'filter': {'id_professeur': '8'}, 'data': {'nom': 'HUORT', 'prenom': 'Louis', 'salle': 'null'}}}
2022-03-06 22:11:45,327 Asking API on : http://127.0.0.1:443/data/deletefilter/liste_matiere BODY : {'username': 'admin', 'password': 'L0calAdmin', 'content': {'id_professeur': '8'}}
2022-03-06 22:11:45,348 Asking API on : http://127.0.0.1:443/data/insert/liste_matiere BODY : {'username': 'admin', 'password': 'L0calAdmin', 'content': {'id_liste_matiere': 'null', 'id_professeur': '8', 'id_matiere': '148'}}
2022-03-06 22:11:45,384 Asking API on : http://127.0.0.1:443/data/updatefilter/horaire BODY : {'username': 'admin', 'password': 'L0calAdmin', 'content': {'filter': {'id_professeur': '8'}, 'data': {'horaire_arr1': 'Mon Jan 01 08:00:00 1900', 'horaire_dep1': 'Mon Jan 01 20:00:00 1900', 'horaire_arr2': 'Tue Jan 02 08:00:00 1900', 'horaire_dep2': 'Tue Jan 02 20:00:00 1900', 'horaire_arr3': 'Wed Jan 03 08:00:00 1900', 'horaire_dep3': 'Wed Jan 03 20:00:00 1900'}}}
2022-03-06 22:11:45,412 Le professeur a bien été modifié
2022-03-06 22:11:45,412 Asking API on : http://127.0.0.1:443/data/fetchmulti BODY : {'username': 'admin', 'password': 'L0calAdmin', 'content': ['candidat', 'horaire', 'matiere', 'professeur', 'salle', 'creneau', 'liste_matiere']}
2022-03-06 22:11:45,485 127.0.0.1 - - [06/Mar/2022 22:11:45] "POST /admin/professeurs HTTP/1.1" 200 -
2022-03-06 22:11:46,411 127.0.0.1 - - [06/Mar/2022 22:11:46] "[36mGET /static/main.css HTTP/1.1[0m" 304 -
2022-03-06 22:11:46,418 127.0.0.1 - - [06/Mar/2022 22:11:46] "[36mGET /static/admin.css HTTP/1.1[0m" 304 -
2022-03-06 22:11:46,584 127.0.0.1 - - [06/Mar/2022 22:11:46] "GET /static/main.css.map HTTP/1.1" 200 -
2022-03-06 22:11:46,587 127.0.0.1 - - [06/Mar/2022 22:11:46] "GET /static/admin.css.map HTTP/1.1" 200 -
2022-03-06 22:11:46,912 127.0.0.1 - - [06/Mar/2022 22:11:46] "[36mGET /static/img/logo_square.ico HTTP/1.1[0m" 304 -
2022-03-06 22:11:47,110 127.0.0.1 - - [06/Mar/2022 22:11:47] "[36mGET /static/img/logo_square.ico HTTP/1.1[0m" 304 -
2022-03-06 22:11:49,436 Asking API on : http://127.0.0.1:443/data/fetchfilter/utilisateur BODY : {'username': 'admin', 'password': 'L0calAdmin', 'content': {'email': 'admin@ac-poitiers.fr', 'admin': '1'}}
2022-03-06 22:11:49,454 Asking API on : http://127.0.0.1:443/data/updatefilter/professeur BODY : {'username': 'admin', 'password': 'L0calAdmin', 'content': {'filter': {'id_professeur': '8'}, 'data': {'nom': 'HUORT', 'prenom': 'Louis', 'salle': 'null'}}}
2022-03-06 22:11:49,473 Asking API on : http://127.0.0.1:443/data/deletefilter/liste_matiere BODY : {'username': 'admin', 'password': 'L0calAdmin', 'content': {'id_professeur': '8'}}
2022-03-06 22:11:49,516 Asking API on : http://127.0.0.1:443/data/updatefilter/horaire BODY : {'username': 'admin', 'password': 'L0calAdmin', 'content': {'filter': {'id_professeur': '8'}, 'data': {'horaire_arr1': 'Mon Jan 01 08:00:00 1900', 'horaire_dep1': 'Mon Jan 01 20:00:00 1900', 'horaire_arr2': 'Tue Jan 02 08:00:00 1900', 'horaire_dep2': 'Tue Jan 02 20:00:00 1900', 'horaire_arr3': 'Wed Jan 03 08:00:00 1900', 'horaire_dep3': 'Wed Jan 03 20:00:00 1900'}}}
2022-03-06 22:11:49,540 Le professeur a bien été modifié
2022-03-06 22:11:49,541 Asking API on : http://127.0.0.1:443/data/fetchmulti BODY : {'username': 'admin', 'password': 'L0calAdmin', 'content': ['candidat', 'horaire', 'matiere', 'professeur', 'salle', 'creneau', 'liste_matiere']}
2022-03-06 22:11:49,578 127.0.0.1 - - [06/Mar/2022 22:11:49] "POST /admin/professeurs HTTP/1.1" 200 -
2022-03-06 22:11:50,494 127.0.0.1 - - [06/Mar/2022 22:11:50] "[36mGET /static/main.css HTTP/1.1[0m" 304 -
2022-03-06 22:11:50,507 127.0.0.1 - - [06/Mar/2022 22:11:50] "[36mGET /static/admin.css HTTP/1.1[0m" 304 -
2022-03-06 22:11:50,710 127.0.0.1 - - [06/Mar/2022 22:11:50] "GET /static/admin.css.map HTTP/1.1" 200 -
2022-03-06 22:11:50,716 127.0.0.1 - - [06/Mar/2022 22:11:50] "GET /static/main.css.map HTTP/1.1" 200 -
2022-03-06 22:11:51,181 127.0.0.1 - - [06/Mar/2022 22:11:51] "[36mGET /static/img/logo_square.ico HTTP/1.1[0m" 304 -
2022-03-06 22:11:51,482 127.0.0.1 - - [06/Mar/2022 22:11:51] "[36mGET /static/img/logo_square.ico HTTP/1.1[0m" 304 -
2022-03-06 22:11:55,013 Asking API on : http://127.0.0.1:443/data/fetchfilter/utilisateur BODY : {'username': 'admin', 'password': 'L0calAdmin', 'content': {'email': 'admin@ac-poitiers.fr', 'admin': '1'}}
2022-03-06 22:11:55,029 Asking API on : http://127.0.0.1:443/data/fetchmulti BODY : {'username': 'admin', 'password': 'L0calAdmin', 'content': ['candidat', 'choix_matiere', 'serie', 'matiere', 'professeur', 'salle', 'creneau', 'liste_matiere']}
2022-03-06 22:11:55,214 127.0.0.1 - - [06/Mar/2022 22:11:55] "GET /admin/salles HTTP/1.1" 200 -
2022-03-06 22:11:56,277 127.0.0.1 - - [06/Mar/2022 22:11:56] "[36mGET /static/main.css HTTP/1.1[0m" 304 -
2022-03-06 22:11:56,281 127.0.0.1 - - [06/Mar/2022 22:11:56] "[36mGET /static/admin.css HTTP/1.1[0m" 304 -
2022-03-06 22:11:56,514 127.0.0.1 - - [06/Mar/2022 22:11:56] "GET /static/admin.css.map HTTP/1.1" 200 -
2022-03-06 22:11:56,518 127.0.0.1 - - [06/Mar/2022 22:11:56] "GET /static/main.css.map HTTP/1.1" 200 -
2022-03-06 22:11:56,801 127.0.0.1 - - [06/Mar/2022 22:11:56] "[36mGET /static/img/logo_square.ico HTTP/1.1[0m" 304 -
2022-03-06 22:11:56,970 127.0.0.1 - - [06/Mar/2022 22:11:56] "[36mGET /static/img/logo_square.ico HTTP/1.1[0m" 304 -
2022-03-06 22:11:59,017 Asking API on : http://127.0.0.1:443/data/fetchfilter/utilisateur BODY : {'username': 'admin', 'password': 'L0calAdmin', 'content': {'email': 'admin@ac-poitiers.fr', 'admin': '1'}}
2022-03-06 22:11:59,040 Asking API on : http://127.0.0.1:443/data/insert/salle BODY : {'username': 'admin', 'password': 'L0calAdmin', 'content': {'id_salle': 'null', 'numero': 'D204'}}
2022-03-06 22:11:59,072 La salle a bien été crée
2022-03-06 22:11:59,073 Asking API on : http://127.0.0.1:443/data/fetchmulti BODY : {'username': 'admin', 'password': 'L0calAdmin', 'content': ['candidat', 'choix_matiere', 'serie', 'matiere', 'professeur', 'salle', 'creneau', 'liste_matiere']}
2022-03-06 22:11:59,115 127.0.0.1 - - [06/Mar/2022 22:11:59] "POST /admin/salles HTTP/1.1" 200 -
2022-03-06 22:12:00,150 127.0.0.1 - - [06/Mar/2022 22:12:00] "[36mGET /static/main.css HTTP/1.1[0m" 304 -
2022-03-06 22:12:00,160 127.0.0.1 - - [06/Mar/2022 22:12:00] "[36mGET /static/admin.css HTTP/1.1[0m" 304 -
2022-03-06 22:12:00,423 127.0.0.1 - - [06/Mar/2022 22:12:00] "GET /static/main.css.map HTTP/1.1" 200 -
2022-03-06 22:12:00,425 127.0.0.1 - - [06/Mar/2022 22:12:00] "GET /static/admin.css.map HTTP/1.1" 200 -
2022-03-06 22:12:00,799 127.0.0.1 - - [06/Mar/2022 22:12:00] "[36mGET /static/img/logo_square.ico HTTP/1.1[0m" 304 -
2022-03-06 22:12:00,834 Asking API on : http://127.0.0.1:443/data/fetchfilter/utilisateur BODY : {'username': 'admin', 'password': 'L0calAdmin', 'content': {'email': 'admin@ac-poitiers.fr', 'admin': '1'}}
2022-03-06 22:12:00,864 Asking API on : http://127.0.0.1:443/data/fetchmulti BODY : {'username': 'admin', 'password': 'L0calAdmin', 'content': ['candidat', 'horaire', 'matiere', 'professeur', 'salle', 'creneau', 'liste_matiere']}
2022-03-06 22:12:00,924 127.0.0.1 - - [06/Mar/2022 22:12:00] "GET /admin/professeurs HTTP/1.1" 200 -
2022-03-06 22:12:01,912 127.0.0.1 - - [06/Mar/2022 22:12:01] "[36mGET /static/main.css HTTP/1.1[0m" 304 -
2022-03-06 22:12:01,922 127.0.0.1 - - [06/Mar/2022 22:12:01] "[36mGET /static/admin.css HTTP/1.1[0m" 304 -
2022-03-06 22:12:02,190 127.0.0.1 - - [06/Mar/2022 22:12:02] "GET /static/main.css.map HTTP/1.1" 200 -
2022-03-06 22:12:02,195 127.0.0.1 - - [06/Mar/2022 22:12:02] "GET /static/admin.css.map HTTP/1.1" 200 -
2022-03-06 22:12:02,484 127.0.0.1 - - [06/Mar/2022 22:12:02] "[36mGET /static/img/logo_square.ico HTTP/1.1[0m" 304 -
2022-03-06 22:12:02,821 127.0.0.1 - - [06/Mar/2022 22:12:02] "[36mGET /static/img/logo_square.ico HTTP/1.1[0m" 304 -
2022-03-06 22:12:05,559 Asking API on : http://127.0.0.1:443/data/fetchfilter/utilisateur BODY : {'username': 'admin', 'password': 'L0calAdmin', 'content': {'email': 'admin@ac-poitiers.fr', 'admin': '1'}}
2022-03-06 22:12:05,578 Asking API on : http://127.0.0.1:443/data/updatefilter/professeur BODY : {'username': 'admin', 'password': 'L0calAdmin', 'content': {'filter': {'id_professeur': '8'}, 'data': {'nom': 'HUORT', 'prenom': 'Louis', 'salle': '238'}}}
2022-03-06 22:12:05,615 Asking API on : http://127.0.0.1:443/data/deletefilter/liste_matiere BODY : {'username': 'admin', 'password': 'L0calAdmin', 'content': {'id_professeur': '8'}}
2022-03-06 22:12:05,646 Asking API on : http://127.0.0.1:443/data/updatefilter/horaire BODY : {'username': 'admin', 'password': 'L0calAdmin', 'content': {'filter': {'id_professeur': '8'}, 'data': {'horaire_arr1': 'Mon Jan 01 08:00:00 1900', 'horaire_dep1': 'Mon Jan 01 20:00:00 1900', 'horaire_arr2': 'Tue Jan 02 08:00:00 1900', 'horaire_dep2': 'Tue Jan 02 20:00:00 1900', 'horaire_arr3': 'Wed Jan 03 08:00:00 1900', 'horaire_dep3': 'Wed Jan 03 20:00:00 1900'}}}
2022-03-06 22:12:05,691 Le professeur a bien été modifié
2022-03-06 22:12:05,691 Asking API on : http://127.0.0.1:443/data/fetchmulti BODY : {'username': 'admin', 'password': 'L0calAdmin', 'content': ['candidat', 'horaire', 'matiere', 'professeur', 'salle', 'creneau', 'liste_matiere']}
2022-03-06 22:12:05,748 127.0.0.1 - - [06/Mar/2022 22:12:05] "POST /admin/professeurs HTTP/1.1" 200 -
2022-03-06 22:12:06,670 127.0.0.1 - - [06/Mar/2022 22:12:06] "[36mGET /static/main.css HTTP/1.1[0m" 304 -
2022-03-06 22:12:06,671 127.0.0.1 - - [06/Mar/2022 22:12:06] "[36mGET /static/admin.css HTTP/1.1[0m" 304 -
2022-03-06 22:12:06,845 127.0.0.1 - - [06/Mar/2022 22:12:06] "GET /static/admin.css.map HTTP/1.1" 200 -
2022-03-06 22:12:06,848 127.0.0.1 - - [06/Mar/2022 22:12:06] "GET /static/main.css.map HTTP/1.1" 200 -
2022-03-06 22:12:07,209 127.0.0.1 - - [06/Mar/2022 22:12:07] "[36mGET /static/img/logo_square.ico HTTP/1.1[0m" 304 -
2022-03-06 22:12:07,442 127.0.0.1 - - [06/Mar/2022 22:12:07] "[36mGET /static/img/logo_square.ico HTTP/1.1[0m" 304 -
2022-03-06 22:12:21,644 Asking API on : http://127.0.0.1:443/data/fetchfilter/utilisateur BODY : {'username': 'admin', 'password': 'L0calAdmin', 'content': {'email': 'admin@ac-poitiers.fr', 'admin': '1'}}
2022-03-06 22:12:21,671 Asking API on : http://127.0.0.1:443/data/updatefilter/professeur BODY : {'username': 'admin', 'password': 'L0calAdmin', 'content': {'filter': {'id_professeur': '8'}, 'data': {'nom': 'HUORT', 'prenom': 'Louis', 'salle': 'null'}}}
2022-03-06 22:12:21,721 Asking API on : http://127.0.0.1:443/data/deletefilter/liste_matiere BODY : {'username': 'admin', 'password': 'L0calAdmin', 'content': {'id_professeur': '8'}}
2022-03-06 22:12:21,757 Asking API on : http://127.0.0.1:443/data/insert/liste_matiere BODY : {'username': 'admin', 'password': 'L0calAdmin', 'content': {'id_liste_matiere': 'null', 'id_professeur': '8', 'id_matiere': '148'}}
2022-03-06 22:12:21,797 Asking API on : http://127.0.0.1:443/data/insert/liste_matiere BODY : {'username': 'admin', 'password': 'L0calAdmin', 'content': {'id_liste_matiere': 'null', 'id_professeur': '8', 'id_matiere': '149'}}
2022-03-06 22:12:21,837 Asking API on : http://127.0.0.1:443/data/updatefilter/horaire BODY : {'username': 'admin', 'password': 'L0calAdmin', 'content': {'filter': {'id_professeur': '8'}, 'data': {'horaire_arr1': 'Mon Jan 01 08:00:00 1900', 'horaire_dep1': 'Mon Jan 01 20:00:00 1900', 'horaire_arr2': 'Tue Jan 02 08:00:00 1900', 'horaire_dep2': 'Tue Jan 02 20:00:00 1900', 'horaire_arr3': 'Wed Jan 03 08:00:00 1900', 'horaire_dep3': 'Wed Jan 03 20:00:00 1900'}}}
2022-03-06 22:12:21,876 Le professeur a bien été modifié
2022-03-06 22:12:21,877 Asking API on : http://127.0.0.1:443/data/fetchmulti BODY : {'username': 'admin', 'password': 'L0calAdmin', 'content': ['candidat', 'horaire', 'matiere', 'professeur', 'salle', 'creneau', 'liste_matiere']}
2022-03-06 22:12:21,945 127.0.0.1 - - [06/Mar/2022 22:12:21] "POST /admin/professeurs HTTP/1.1" 200 -
2022-03-06 22:12:23,131 127.0.0.1 - - [06/Mar/2022 22:12:23] "[36mGET /static/main.css HTTP/1.1[0m" 304 -
2022-03-06 22:12:23,136 127.0.0.1 - - [06/Mar/2022 22:12:23] "[36mGET /static/admin.css HTTP/1.1[0m" 304 -
2022-03-06 22:12:23,309 127.0.0.1 - - [06/Mar/2022 22:12:23] "GET /static/admin.css.map HTTP/1.1" 200 -
2022-03-06 22:12:23,314 127.0.0.1 - - [06/Mar/2022 22:12:23] "GET /static/main.css.map HTTP/1.1" 200 -
2022-03-06 22:12:23,777 Asking API on : http://127.0.0.1:443/data/fetchfilter/utilisateur BODY : {'username': 'admin', 'password': 'L0calAdmin', 'content': {'email': 'admin@ac-poitiers.fr', 'admin': '1'}}
2022-03-06 22:12:23,817 Asking API on : http://127.0.0.1:443/data/fetchmulti BODY : {'username': 'admin', 'password': 'L0calAdmin', 'content': ['candidat', 'choix_matiere', 'serie', 'matiere', 'professeur', 'salle', 'creneau']}
2022-03-06 22:12:24,016 127.0.0.1 - - [06/Mar/2022 22:12:24] "GET /admin/candidats HTTP/1.1" 200 -
2022-03-06 22:12:25,147 127.0.0.1 - - [06/Mar/2022 22:12:25] "[36mGET /static/main.css HTTP/1.1[0m" 304 -
2022-03-06 22:12:25,150 127.0.0.1 - - [06/Mar/2022 22:12:25] "[36mGET /static/admin.css HTTP/1.1[0m" 304 -
2022-03-06 22:12:25,527 127.0.0.1 - - [06/Mar/2022 22:12:25] "GET /static/admin.css.map HTTP/1.1" 200 -
2022-03-06 22:12:25,538 127.0.0.1 - - [06/Mar/2022 22:12:25] "GET /static/main.css.map HTTP/1.1" 200 -
2022-03-06 22:12:26,239 127.0.0.1 - - [06/Mar/2022 22:12:26] "[36mGET /static/img/logo_square.ico HTTP/1.1[0m" 304 -
2022-03-06 22:12:26,673 127.0.0.1 - - [06/Mar/2022 22:12:26] "[36mGET /static/img/logo_square.ico HTTP/1.1[0m" 304 -
2022-03-06 22:12:34,187 Asking API on : http://127.0.0.1:443/data/fetchfilter/utilisateur BODY : {'username': 'admin', 'password': 'L0calAdmin', 'content': {'email': 'admin@ac-poitiers.fr', 'admin': '1'}}
2022-03-06 22:12:34,211 Asking API on : http://127.0.0.1:443/data/insert/candidat BODY : {'username': 'admin', 'password': 'L0calAdmin', 'content': {'id_candidat': 'null', 'nom': 'HUORT', 'prenom': 'Louis', 'id_serie': '214', 'tiers_temps': 'false', 'absent': 'false'}}
2022-03-06 22:12:34,265 Le candidat a bien été crée
2022-03-06 22:12:34,265 Asking API on : http://127.0.0.1:443/data/insert/choix_matiere BODY : {'username': 'admin', 'password': 'L0calAdmin', 'content': {'id_choix_matiere': 'null', 'id_candidat': 16, 'matiere1': '148', 'matiere2': '149'}}
2022-03-06 22:12:34,332 Les choix du candidat ont bien été crées
2022-03-06 22:12:34,332 Asking API on : http://127.0.0.1:443/data/fetchmulti BODY : {'username': 'admin', 'password': 'L0calAdmin', 'content': ['candidat', 'choix_matiere', 'serie', 'matiere', 'professeur', 'salle', 'creneau']}
2022-03-06 22:12:34,409 127.0.0.1 - - [06/Mar/2022 22:12:34] "POST /admin/candidats HTTP/1.1" 200 -
2022-03-06 22:12:35,786 127.0.0.1 - - [06/Mar/2022 22:12:35] "[36mGET /static/main.css HTTP/1.1[0m" 304 -
2022-03-06 22:12:35,812 127.0.0.1 - - [06/Mar/2022 22:12:35] "[36mGET /static/admin.css HTTP/1.1[0m" 304 -
2022-03-06 22:12:35,936 127.0.0.1 - - [06/Mar/2022 22:12:35] "GET /static/admin.css.map HTTP/1.1" 200 -
2022-03-06 22:12:35,939 127.0.0.1 - - [06/Mar/2022 22:12:35] "GET /static/main.css.map HTTP/1.1" 200 -
2022-03-06 22:12:36,330 127.0.0.1 - - [06/Mar/2022 22:12:36] "[36mGET /static/img/logo_square.ico HTTP/1.1[0m" 304 -
2022-03-06 22:12:36,528 127.0.0.1 - - [06/Mar/2022 22:12:36] "[36mGET /static/img/logo_square.ico HTTP/1.1[0m" 304 -
2022-03-06 22:12:37,944 Asking API on : http://127.0.0.1:443/data/fetchfilter/utilisateur BODY : {'username': 'admin', 'password': 'L0calAdmin', 'content': {'email': 'admin@ac-poitiers.fr', 'admin': '1'}}
2022-03-06 22:12:37,964 Asking API on : http://127.0.0.1:443/data/fetchmulti BODY : {'username': 'admin', 'password': 'L0calAdmin', 'content': ['candidat', 'serie', 'matiere', 'salle', 'choix_matiere', 'professeur', 'creneau', 'liste_matiere']}
2022-03-06 22:12:38,107 127.0.0.1 - - [06/Mar/2022 22:12:38] "GET /admin/creneau HTTP/1.1" 200 -
2022-03-06 22:12:39,199 127.0.0.1 - - [06/Mar/2022 22:12:39] "[36mGET /static/main.css HTTP/1.1[0m" 304 -
2022-03-06 22:12:39,201 127.0.0.1 - - [06/Mar/2022 22:12:39] "[36mGET /static/admin.css HTTP/1.1[0m" 304 -
2022-03-06 22:12:39,451 127.0.0.1 - - [06/Mar/2022 22:12:39] "GET /static/admin.css.map HTTP/1.1" 200 -
2022-03-06 22:12:39,452 127.0.0.1 - - [06/Mar/2022 22:12:39] "GET /static/main.css.map HTTP/1.1" 200 -
2022-03-06 22:12:39,747 127.0.0.1 - - [06/Mar/2022 22:12:39] "[36mGET /static/img/logo_square.ico HTTP/1.1[0m" 304 -
2022-03-06 22:12:39,986 127.0.0.1 - - [06/Mar/2022 22:12:39] "[36mGET /static/img/logo_square.ico HTTP/1.1[0m" 304 -
2022-03-06 22:12:44,358 Asking API on : http://127.0.0.1:443/data/fetchfilter/utilisateur BODY : {'username': 'admin', 'password': 'L0calAdmin', 'content': {'email': 'admin@ac-poitiers.fr', 'admin': '1'}}
2022-03-06 22:12:44,395 Asking API on : http://127.0.0.1:443/data/fetchmulti BODY : {'username': 'admin', 'password': 'L0calAdmin', 'content': ['utilisateur', 'token', 'professeur']}
2022-03-06 22:12:44,464 127.0.0.1 - - [06/Mar/2022 22:12:44] "GET /admin/comptes HTTP/1.1" 200 -
2022-03-06 22:12:45,696 127.0.0.1 - - [06/Mar/2022 22:12:45] "[36mGET /static/main.css HTTP/1.1[0m" 304 -
2022-03-06 22:12:45,703 127.0.0.1 - - [06/Mar/2022 22:12:45] "[36mGET /static/admin.css HTTP/1.1[0m" 304 -
2022-03-06 22:12:46,011 127.0.0.1 - - [06/Mar/2022 22:12:46] "GET /static/main.css.map HTTP/1.1" 200 -
2022-03-06 22:12:46,054 127.0.0.1 - - [06/Mar/2022 22:12:46] "GET /static/admin.css.map HTTP/1.1" 200 -
2022-03-06 22:12:46,324 127.0.0.1 - - [06/Mar/2022 22:12:46] "[36mGET /static/img/logo_square.ico HTTP/1.1[0m" 304 -
2022-03-06 22:12:46,581 Asking API on : http://127.0.0.1:443/data/fetchfilter/utilisateur BODY : {'username': 'admin', 'password': 'L0calAdmin', 'content': {'email': 'admin@ac-poitiers.fr', 'admin': '1'}}
2022-03-06 22:12:46,611 Asking API on : http://127.0.0.1:443/data/fetchmulti BODY : {'username': 'admin', 'password': 'L0calAdmin', 'content': ['candidat', 'serie', 'matiere', 'salle', 'choix_matiere', 'professeur', 'creneau', 'liste_matiere']}
2022-03-06 22:12:46,722 127.0.0.1 - - [06/Mar/2022 22:12:46] "GET /admin/creneau HTTP/1.1" 200 -
2022-03-06 22:12:47,823 127.0.0.1 - - [06/Mar/2022 22:12:47] "[36mGET /static/main.css HTTP/1.1[0m" 304 -
2022-03-06 22:12:47,839 127.0.0.1 - - [06/Mar/2022 22:12:47] "[36mGET /static/admin.css HTTP/1.1[0m" 304 -
2022-03-06 22:12:48,076 127.0.0.1 - - [06/Mar/2022 22:12:48] "GET /static/main.css.map HTTP/1.1" 200 -
2022-03-06 22:12:48,079 127.0.0.1 - - [06/Mar/2022 22:12:48] "GET /static/admin.css.map HTTP/1.1" 200 -
2022-03-06 22:12:48,474 127.0.0.1 - - [06/Mar/2022 22:12:48] "[36mGET /static/img/logo_square.ico HTTP/1.1[0m" 304 -
2022-03-06 22:12:48,870 127.0.0.1 - - [06/Mar/2022 22:12:48] "[36mGET /static/img/logo_square.ico HTTP/1.1[0m" 304 -
2022-03-06 22:13:02,064 Asking API on : http://127.0.0.1:443/data/fetchfilter/utilisateur BODY : {'username': 'admin', 'password': 'L0calAdmin', 'content': {'email': 'admin@ac-poitiers.fr', 'admin': '1'}}
2022-03-06 22:13:02,082 Asking API on : http://127.0.0.1:443/data/fetchmulti BODY : {'username': 'admin', 'password': 'L0calAdmin', 'content': ['candidat', 'serie', 'matiere', 'salle', 'choix_matiere', 'professeur', 'creneau', 'liste_matiere']}
2022-03-06 22:13:02,116 127.0.0.1 - - [06/Mar/2022 22:13:02] "GET /admin/creneau HTTP/1.1" 200 -
2022-03-06 22:13:02,989 127.0.0.1 - - [06/Mar/2022 22:13:02] "[36mGET /static/main.css HTTP/1.1[0m" 304 -
2022-03-06 22:13:02,991 127.0.0.1 - - [06/Mar/2022 22:13:02] "[36mGET /static/admin.css HTTP/1.1[0m" 304 -
2022-03-06 22:13:03,039 127.0.0.1 - - [06/Mar/2022 22:13:03] "GET /static/main.css.map HTTP/1.1" 200 -
2022-03-06 22:13:03,042 127.0.0.1 - - [06/Mar/2022 22:13:03] "GET /static/admin.css.map HTTP/1.1" 200 -
2022-03-06 22:13:03,395 127.0.0.1 - - [06/Mar/2022 22:13:03] "[36mGET /static/img/logo_square.ico HTTP/1.1[0m" 304 -
2022-03-06 22:13:03,574 127.0.0.1 - - [06/Mar/2022 22:13:03] "[36mGET /static/img/logo_square.ico HTTP/1.1[0m" 304 -
2022-03-06 22:15:19,098 Asking API on : http://127.0.0.1:443/version
2022-03-06 22:15:19,110 Run the server
2022-03-06 22:15:19,144  * Restarting with stat
2022-03-06 22:15:22,046 Asking API on : http://127.0.0.1:443/version
2022-03-06 22:15:22,065 Run the server
2022-03-06 22:15:22,088  * Debugger is active!
2022-03-06 22:15:22,104  * Debugger PIN: 298-853-937
2022-03-06 22:15:23,704  * Running on all addresses.
   WARNING: This is a development server. Do not use it in a production deployment.
2022-03-06 22:15:23,705  * Running on http://192.168.1.200:5000/ (Press CTRL+C to quit)
2022-03-06 22:15:23,957 Asking API on : http://127.0.0.1:443/data/fetchfilter/utilisateur BODY : {'username': 'admin', 'password': 'L0calAdmin', 'content': {'email': 'admin@ac-poitiers.fr', 'admin': '1'}}
2022-03-06 22:15:23,968 Asking API on : http://127.0.0.1:443/data/fetchmulti BODY : {'username': 'admin', 'password': 'L0calAdmin', 'content': ['candidat', 'serie', 'matiere', 'salle', 'choix_matiere', 'professeur', 'creneau', 'liste_matiere']}
2022-03-06 22:15:24,110 127.0.0.1 - - [06/Mar/2022 22:15:24] "GET /admin/creneau HTTP/1.1" 200 -
2022-03-06 22:15:25,657 127.0.0.1 - - [06/Mar/2022 22:15:25] "[36mGET /static/admin.css HTTP/1.1[0m" 304 -
2022-03-06 22:15:25,659 127.0.0.1 - - [06/Mar/2022 22:15:25] "[36mGET /static/main.css HTTP/1.1[0m" 304 -
2022-03-06 22:15:25,693 127.0.0.1 - - [06/Mar/2022 22:15:25] "GET /static/main.css.map HTTP/1.1" 200 -
2022-03-06 22:15:25,696 127.0.0.1 - - [06/Mar/2022 22:15:25] "GET /static/admin.css.map HTTP/1.1" 200 -
2022-03-06 22:15:25,887 127.0.0.1 - - [06/Mar/2022 22:15:25] "[36mGET /static/img/logo_square.ico HTTP/1.1[0m" 304 -
2022-03-06 22:15:25,997 127.0.0.1 - - [06/Mar/2022 22:15:25] "[36mGET /static/img/logo_square.ico HTTP/1.1[0m" 304 -
2022-03-06 22:15:57,226 Asking API on : http://127.0.0.1:443/version
2022-03-06 22:15:57,241 Run the server
2022-03-06 22:15:57,275  * Restarting with stat
2022-03-06 22:15:59,830 Asking API on : http://127.0.0.1:443/version
2022-03-06 22:15:59,849 Run the server
2022-03-06 22:15:59,876  * Debugger is active!
2022-03-06 22:15:59,885  * Debugger PIN: 298-853-937
2022-03-06 22:16:01,246  * Running on all addresses.
   WARNING: This is a development server. Do not use it in a production deployment.
2022-03-06 22:16:01,247  * Running on http://192.168.1.200:5000/ (Press CTRL+C to quit)
2022-03-06 22:16:01,264 Asking API on : http://127.0.0.1:443/data/fetchfilter/utilisateur BODY : {'username': 'admin', 'password': 'L0calAdmin', 'content': {'email': 'admin@ac-poitiers.fr', 'admin': '1'}}
2022-03-06 22:16:01,277 Asking API on : http://127.0.0.1:443/data/fetchmulti BODY : {'username': 'admin', 'password': 'L0calAdmin', 'content': ['candidat', 'serie', 'matiere', 'salle', 'choix_matiere', 'professeur', 'creneau', 'liste_matiere']}
2022-03-06 22:16:01,444 127.0.0.1 - - [06/Mar/2022 22:16:01] "GET /admin/creneau HTTP/1.1" 200 -
2022-03-06 22:16:03,036 127.0.0.1 - - [06/Mar/2022 22:16:03] "[36mGET /static/main.css HTTP/1.1[0m" 304 -
2022-03-06 22:16:03,037 127.0.0.1 - - [06/Mar/2022 22:16:03] "[36mGET /static/admin.css HTTP/1.1[0m" 304 -
2022-03-06 22:16:03,101 127.0.0.1 - - [06/Mar/2022 22:16:03] "GET /static/main.css.map HTTP/1.1" 200 -
2022-03-06 22:16:03,104 127.0.0.1 - - [06/Mar/2022 22:16:03] "GET /static/admin.css.map HTTP/1.1" 200 -
2022-03-06 22:16:03,314 127.0.0.1 - - [06/Mar/2022 22:16:03] "[36mGET /static/img/logo_square.ico HTTP/1.1[0m" 304 -
2022-03-06 22:16:03,461 127.0.0.1 - - [06/Mar/2022 22:16:03] "[36mGET /static/img/logo_square.ico HTTP/1.1[0m" 304 -
2022-03-06 22:16:32,315 Asking API on : http://127.0.0.1:443/version
2022-03-06 22:16:32,330 Run the server
2022-03-06 22:16:32,371  * Restarting with stat
2022-03-06 22:16:35,222 Asking API on : http://127.0.0.1:443/version
2022-03-06 22:16:35,246 Run the server
2022-03-06 22:16:35,275  * Debugger is active!
2022-03-06 22:16:35,289  * Debugger PIN: 298-853-937
2022-03-06 22:16:36,975  * Running on all addresses.
   WARNING: This is a development server. Do not use it in a production deployment.
2022-03-06 22:16:36,976  * Running on http://192.168.1.200:5000/ (Press CTRL+C to quit)
2022-03-06 22:16:38,962 Asking API on : http://127.0.0.1:443/data/fetchfilter/utilisateur BODY : {'username': 'admin', 'password': 'L0calAdmin', 'content': {'email': 'admin@ac-poitiers.fr', 'admin': '1'}}
2022-03-06 22:16:38,975 Asking API on : http://127.0.0.1:443/data/fetchmulti BODY : {'username': 'admin', 'password': 'L0calAdmin', 'content': ['candidat', 'serie', 'matiere', 'salle', 'choix_matiere', 'professeur', 'creneau', 'liste_matiere']}
2022-03-06 22:16:39,167 127.0.0.1 - - [06/Mar/2022 22:16:39] "GET /admin/creneau HTTP/1.1" 200 -
2022-03-06 22:16:40,855 127.0.0.1 - - [06/Mar/2022 22:16:40] "[36mGET /static/main.css HTTP/1.1[0m" 304 -
2022-03-06 22:16:40,857 127.0.0.1 - - [06/Mar/2022 22:16:40] "[36mGET /static/admin.css HTTP/1.1[0m" 304 -
2022-03-06 22:16:40,889 127.0.0.1 - - [06/Mar/2022 22:16:40] "GET /static/main.css.map HTTP/1.1" 200 -
2022-03-06 22:16:40,891 127.0.0.1 - - [06/Mar/2022 22:16:40] "GET /static/admin.css.map HTTP/1.1" 200 -
2022-03-06 22:16:41,092 127.0.0.1 - - [06/Mar/2022 22:16:41] "[36mGET /static/img/logo_square.ico HTTP/1.1[0m" 304 -
2022-03-06 22:16:41,244 127.0.0.1 - - [06/Mar/2022 22:16:41] "[36mGET /static/img/logo_square.ico HTTP/1.1[0m" 304 -
2022-03-06 22:17:08,265 Asking API on : http://127.0.0.1:443/version
2022-03-06 22:17:08,282 Run the server
2022-03-06 22:17:08,330  * Restarting with stat
2022-03-06 22:17:11,781 Asking API on : http://127.0.0.1:443/version
2022-03-06 22:17:11,796 Run the server
2022-03-06 22:17:11,818  * Debugger is active!
2022-03-06 22:17:11,831  * Debugger PIN: 298-853-937
2022-03-06 22:17:13,499  * Running on all addresses.
   WARNING: This is a development server. Do not use it in a production deployment.
2022-03-06 22:17:13,500  * Running on http://192.168.1.200:5000/ (Press CTRL+C to quit)
2022-03-06 22:17:13,702 Asking API on : http://127.0.0.1:443/data/fetchfilter/utilisateur BODY : {'username': 'admin', 'password': 'L0calAdmin', 'content': {'email': 'admin@ac-poitiers.fr', 'admin': '1'}}
2022-03-06 22:17:13,710 Asking API on : http://127.0.0.1:443/data/fetchmulti BODY : {'username': 'admin', 'password': 'L0calAdmin', 'content': ['candidat', 'serie', 'matiere', 'salle', 'choix_matiere', 'professeur', 'creneau', 'liste_matiere']}
2022-03-06 22:17:13,824 127.0.0.1 - - [06/Mar/2022 22:17:13] "GET /admin/creneau HTTP/1.1" 200 -
2022-03-06 22:17:15,232 127.0.0.1 - - [06/Mar/2022 22:17:15] "[36mGET /static/main.css HTTP/1.1[0m" 304 -
2022-03-06 22:17:15,234 127.0.0.1 - - [06/Mar/2022 22:17:15] "[36mGET /static/admin.css HTTP/1.1[0m" 304 -
2022-03-06 22:17:15,393 127.0.0.1 - - [06/Mar/2022 22:17:15] "GET /static/admin.css.map HTTP/1.1" 200 -
2022-03-06 22:17:15,396 127.0.0.1 - - [06/Mar/2022 22:17:15] "GET /static/main.css.map HTTP/1.1" 200 -
2022-03-06 22:17:15,613 127.0.0.1 - - [06/Mar/2022 22:17:15] "[36mGET /static/img/logo_square.ico HTTP/1.1[0m" 304 -
2022-03-06 22:17:15,785 127.0.0.1 - - [06/Mar/2022 22:17:15] "[36mGET /static/img/logo_square.ico HTTP/1.1[0m" 304 -
2022-03-06 22:23:10,325 Asking API on : http://127.0.0.1:443/version
2022-03-06 22:23:10,339 Run the server
2022-03-06 22:23:10,367  * Restarting with stat
2022-03-06 22:23:12,480 Asking API on : http://127.0.0.1:443/version
2022-03-06 22:23:12,493 Run the server
2022-03-06 22:23:12,509  * Debugger is active!
2022-03-06 22:23:12,523  * Debugger PIN: 298-853-937
2022-03-06 22:23:13,922  * Running on all addresses.
   WARNING: This is a development server. Do not use it in a production deployment.
2022-03-06 22:23:13,922  * Running on http://192.168.1.200:5000/ (Press CTRL+C to quit)
2022-03-06 22:23:25,645 Asking API on : http://127.0.0.1:443/version
2022-03-06 22:23:25,662 Run the server
2022-03-06 22:23:25,695  * Restarting with stat
2022-03-06 22:23:28,013 Asking API on : http://127.0.0.1:443/version
2022-03-06 22:23:28,024 Run the server
2022-03-06 22:23:28,041  * Debugger is active!
2022-03-06 22:23:28,050  * Debugger PIN: 298-853-937
2022-03-06 22:23:29,267  * Running on all addresses.
   WARNING: This is a development server. Do not use it in a production deployment.
2022-03-06 22:23:29,268  * Running on http://192.168.1.200:5000/ (Press CTRL+C to quit)
2022-03-06 22:23:29,441 Asking API on : http://127.0.0.1:443/data/fetchfilter/utilisateur BODY : {'username': 'admin', 'password': 'L0calAdmin', 'content': {'email': 'admin@ac-poitiers.fr', 'admin': '1'}}
2022-03-06 22:23:29,452 Asking API on : http://127.0.0.1:443/data/fetchmulti BODY : {'username': 'admin', 'password': 'L0calAdmin', 'content': ['candidat', 'serie', 'matiere', 'salle', 'choix_matiere', 'professeur', 'creneau', 'liste_matiere']}
2022-03-06 22:23:29,571 127.0.0.1 - - [06/Mar/2022 22:23:29] "GET /admin/creneau HTTP/1.1" 200 -
2022-03-06 22:23:30,902 127.0.0.1 - - [06/Mar/2022 22:23:30] "[36mGET /static/main.css HTTP/1.1[0m" 304 -
2022-03-06 22:23:30,904 127.0.0.1 - - [06/Mar/2022 22:23:30] "[36mGET /static/admin.css HTTP/1.1[0m" 304 -
2022-03-06 22:23:30,940 127.0.0.1 - - [06/Mar/2022 22:23:30] "GET /static/admin.css.map HTTP/1.1" 200 -
2022-03-06 22:23:30,941 127.0.0.1 - - [06/Mar/2022 22:23:30] "GET /static/main.css.map HTTP/1.1" 200 -
2022-03-06 22:23:31,158 127.0.0.1 - - [06/Mar/2022 22:23:31] "[36mGET /static/img/logo_square.ico HTTP/1.1[0m" 304 -
2022-03-06 22:23:31,284 127.0.0.1 - - [06/Mar/2022 22:23:31] "[36mGET /static/img/logo_square.ico HTTP/1.1[0m" 304 -
2022-03-06 22:24:35,442 Asking API on : http://127.0.0.1:443/data/fetchfilter/utilisateur BODY : {'username': 'admin', 'password': 'L0calAdmin', 'content': {'email': 'admin@ac-poitiers.fr', 'admin': '1'}}
2022-03-06 22:24:35,457 Asking API on : http://127.0.0.1:443/data/fetchmulti BODY : {'username': 'admin', 'password': 'L0calAdmin', 'content': ['candidat', 'horaire', 'matiere', 'professeur', 'salle', 'creneau', 'liste_matiere']}
2022-03-06 22:24:35,575 127.0.0.1 - - [06/Mar/2022 22:24:35] "GET /admin/professeurs HTTP/1.1" 200 -
2022-03-06 22:24:36,432 127.0.0.1 - - [06/Mar/2022 22:24:36] "[36mGET /static/main.css HTTP/1.1[0m" 304 -
2022-03-06 22:24:36,446 127.0.0.1 - - [06/Mar/2022 22:24:36] "[36mGET /static/admin.css HTTP/1.1[0m" 304 -
2022-03-06 22:24:36,610 127.0.0.1 - - [06/Mar/2022 22:24:36] "GET /static/main.css.map HTTP/1.1" 200 -
2022-03-06 22:24:36,614 127.0.0.1 - - [06/Mar/2022 22:24:36] "GET /static/admin.css.map HTTP/1.1" 200 -
2022-03-06 22:24:36,866 127.0.0.1 - - [06/Mar/2022 22:24:36] "[36mGET /static/img/logo_square.ico HTTP/1.1[0m" 304 -
2022-03-06 22:24:37,019 127.0.0.1 - - [06/Mar/2022 22:24:37] "[36mGET /static/img/logo_square.ico HTTP/1.1[0m" 304 -
2022-03-06 22:24:44,539 Asking API on : http://127.0.0.1:443/data/fetchfilter/utilisateur BODY : {'username': 'admin', 'password': 'L0calAdmin', 'content': {'email': 'admin@ac-poitiers.fr', 'admin': '1'}}
2022-03-06 22:24:44,553 Asking API on : http://127.0.0.1:443/data/updatefilter/professeur BODY : {'username': 'admin', 'password': 'L0calAdmin', 'content': {'filter': {'id_professeur': '8'}, 'data': {'nom': 'HUORT', 'prenom': 'Louis', 'salle': '238'}}}
2022-03-06 22:24:44,573 Asking API on : http://127.0.0.1:443/data/deletefilter/liste_matiere BODY : {'username': 'admin', 'password': 'L0calAdmin', 'content': {'id_professeur': '8'}}
2022-03-06 22:24:44,612 Asking API on : http://127.0.0.1:443/data/insert/liste_matiere BODY : {'username': 'admin', 'password': 'L0calAdmin', 'content': {'id_liste_matiere': 'null', 'id_professeur': '8', 'id_matiere': '148'}}
2022-03-06 22:24:44,633 Asking API on : http://127.0.0.1:443/data/insert/liste_matiere BODY : {'username': 'admin', 'password': 'L0calAdmin', 'content': {'id_liste_matiere': 'null', 'id_professeur': '8', 'id_matiere': '149'}}
2022-03-06 22:24:44,665 Asking API on : http://127.0.0.1:443/data/updatefilter/horaire BODY : {'username': 'admin', 'password': 'L0calAdmin', 'content': {'filter': {'id_professeur': '8'}, 'data': {'horaire_arr1': 'Mon Jan 01 08:00:00 1900', 'horaire_dep1': 'Mon Jan 01 20:00:00 1900', 'horaire_arr2': 'Tue Jan 02 08:00:00 1900', 'horaire_dep2': 'Tue Jan 02 20:00:00 1900', 'horaire_arr3': 'Wed Jan 03 08:00:00 1900', 'horaire_dep3': 'Wed Jan 03 20:00:00 1900'}}}
2022-03-06 22:24:44,680 Le professeur a bien été modifié
2022-03-06 22:24:44,680 Asking API on : http://127.0.0.1:443/data/fetchmulti BODY : {'username': 'admin', 'password': 'L0calAdmin', 'content': ['candidat', 'horaire', 'matiere', 'professeur', 'salle', 'creneau', 'liste_matiere']}
2022-03-06 22:24:44,707 127.0.0.1 - - [06/Mar/2022 22:24:44] "POST /admin/professeurs HTTP/1.1" 200 -
2022-03-06 22:24:45,604 127.0.0.1 - - [06/Mar/2022 22:24:45] "[36mGET /static/main.css HTTP/1.1[0m" 304 -
2022-03-06 22:24:45,609 127.0.0.1 - - [06/Mar/2022 22:24:45] "[36mGET /static/admin.css HTTP/1.1[0m" 304 -
2022-03-06 22:24:45,748 127.0.0.1 - - [06/Mar/2022 22:24:45] "GET /static/main.css.map HTTP/1.1" 200 -
2022-03-06 22:24:45,750 127.0.0.1 - - [06/Mar/2022 22:24:45] "GET /static/admin.css.map HTTP/1.1" 200 -
2022-03-06 22:24:46,018 127.0.0.1 - - [06/Mar/2022 22:24:46] "[36mGET /static/img/logo_square.ico HTTP/1.1[0m" 304 -
2022-03-06 22:24:46,158 127.0.0.1 - - [06/Mar/2022 22:24:46] "[36mGET /static/img/logo_square.ico HTTP/1.1[0m" 304 -
2022-03-06 22:24:47,890 Asking API on : http://127.0.0.1:443/data/fetchfilter/utilisateur BODY : {'username': 'admin', 'password': 'L0calAdmin', 'content': {'email': 'admin@ac-poitiers.fr', 'admin': '1'}}
2022-03-06 22:24:47,904 Asking API on : http://127.0.0.1:443/data/fetchmulti BODY : {'username': 'admin', 'password': 'L0calAdmin', 'content': ['candidat', 'serie', 'matiere', 'salle', 'choix_matiere', 'professeur', 'creneau', 'liste_matiere']}
2022-03-06 22:24:47,936 127.0.0.1 - - [06/Mar/2022 22:24:47] "GET /admin/creneau HTTP/1.1" 200 -
2022-03-06 22:24:48,754 127.0.0.1 - - [06/Mar/2022 22:24:48] "[36mGET /static/main.css HTTP/1.1[0m" 304 -
2022-03-06 22:24:48,777 127.0.0.1 - - [06/Mar/2022 22:24:48] "[36mGET /static/admin.css HTTP/1.1[0m" 304 -
2022-03-06 22:24:48,933 127.0.0.1 - - [06/Mar/2022 22:24:48] "GET /static/admin.css.map HTTP/1.1" 200 -
2022-03-06 22:24:48,935 127.0.0.1 - - [06/Mar/2022 22:24:48] "GET /static/main.css.map HTTP/1.1" 200 -
2022-03-06 22:24:49,130 127.0.0.1 - - [06/Mar/2022 22:24:49] "[36mGET /static/img/logo_square.ico HTTP/1.1[0m" 304 -
2022-03-06 22:24:49,264 127.0.0.1 - - [06/Mar/2022 22:24:49] "[36mGET /static/img/logo_square.ico HTTP/1.1[0m" 304 -
